<component name="ArtifactManager">
  <artifact type="exploded-war" name="junit_log:war exploded">
    <output-path>$PROJECT_DIR$/target/junit_log</output-path>
    <root id="root">
      <element id="directory" name="WEB-INF">
        <element id="directory" name="classes">
          <element id="module-output" name="junit_log" />
        </element>
        <element id="directory" name="lib">
          <element id="library" level="project" name="Maven: javax.servlet:javax.servlet-api:3.1.0" />
          <element id="library" level="project" name="Maven: jstl:jstl:1.2" />
          <element id="library" level="project" name="Maven: mysql:mysql-connector-java:5.1.38" />
          <element id="library" level="project" name="Maven: org.apache.commons:commons-dbcp2:2.1.1" />
          <element id="library" level="project" name="Maven: org.apache.commons:commons-pool2:2.4.2" />
          <element id="library" level="project" name="Maven: commons-logging:commons-logging:1.2" />
          <element id="library" level="project" name="Maven: commons-dbutils:commons-dbutils:1.6" />
          <element id="library" level="project" name="Maven: log4j:log4j:1.2.17" />
        </element>
      </element>
      <element id="directory" name="META-INF">
        <element id="file-copy" path="$PROJECT_DIR$/target/junit_log/META-INF/MANIFEST.MF" />
      </element>
      <element id="javaee-facet-resources" facet="junit_log/web/Web" />
    </root>
  </artifact>
</component>